Classic Timing Analyzer report for DECODER
Tue Jan 02 10:02:54 2024
Quartus II Version 9.1 Build 350 03/24/2010 Service Pack 2 SJ Web Edition


---------------------
; Table of Contents ;
---------------------
  1. Legal Notice
  2. Timing Analyzer Summary
  3. Timing Analyzer Settings
  4. Parallel Compilation
  5. tpd
  6. Timing Analyzer Messages



----------------
; Legal Notice ;
----------------
Copyright (C) 1991-2010 Altera Corporation
Your use of Altera Corporation's design tools, logic functions 
and other software and tools, and its AMPP partner logic 
functions, and any output files from any of the foregoing 
(including device programming or simulation files), and any 
associated documentation or information are expressly subject 
to the terms and conditions of the Altera Program License 
Subscription Agreement, Altera MegaCore Function License 
Agreement, or other applicable license agreement, including, 
without limitation, that your use is for the sole purpose of 
programming logic devices manufactured by Altera and sold by 
Altera or its authorized distributors.  Please refer to the 
applicable agreement for further details.



+---------------------------------------------------------------------------------------------------------------------------+
; Timing Analyzer Summary                                                                                                   ;
+------------------------------+-------+---------------+-------------+------+--------+------------+----------+--------------+
; Type                         ; Slack ; Required Time ; Actual Time ; From ; To     ; From Clock ; To Clock ; Failed Paths ;
+------------------------------+-------+---------------+-------------+------+--------+------------+----------+--------------+
; Worst-case tpd               ; N/A   ; None          ; 10.904 ns   ; a[0] ; hex[1] ; --         ; --       ; 0            ;
; Total number of failed paths ;       ;               ;             ;      ;        ;            ;          ; 0            ;
+------------------------------+-------+---------------+-------------+------+--------+------------+----------+--------------+


+-----------------------------------------------------------------------------------------------------------------------------------------------------+
; Timing Analyzer Settings                                                                                                                            ;
+------------------------------------------------------------------------------------------------------+--------------------+------+----+-------------+
; Option                                                                                               ; Setting            ; From ; To ; Entity Name ;
+------------------------------------------------------------------------------------------------------+--------------------+------+----+-------------+
; Device Name                                                                                          ; EP2S15F484C3       ;      ;    ;             ;
; Timing Models                                                                                        ; Final              ;      ;    ;             ;
; Default hold multicycle                                                                              ; Same as Multicycle ;      ;    ;             ;
; Cut paths between unrelated clock domains                                                            ; On                 ;      ;    ;             ;
; Cut off read during write signal paths                                                               ; On                 ;      ;    ;             ;
; Cut off feedback from I/O pins                                                                       ; On                 ;      ;    ;             ;
; Report Combined Fast/Slow Timing                                                                     ; Off                ;      ;    ;             ;
; Ignore Clock Settings                                                                                ; Off                ;      ;    ;             ;
; Analyze latches as synchronous elements                                                              ; On                 ;      ;    ;             ;
; Enable Recovery/Removal analysis                                                                     ; Off                ;      ;    ;             ;
; Enable Clock Latency                                                                                 ; Off                ;      ;    ;             ;
; Use TimeQuest Timing Analyzer                                                                        ; Off                ;      ;    ;             ;
; Number of source nodes to report per destination node                                                ; 10                 ;      ;    ;             ;
; Number of destination nodes to report                                                                ; 10                 ;      ;    ;             ;
; Number of paths to report                                                                            ; 200                ;      ;    ;             ;
; Report Minimum Timing Checks                                                                         ; Off                ;      ;    ;             ;
; Use Fast Timing Models                                                                               ; Off                ;      ;    ;             ;
; Report IO Paths Separately                                                                           ; Off                ;      ;    ;             ;
; Perform Multicorner Analysis                                                                         ; On                 ;      ;    ;             ;
; Reports the worst-case path for each clock domain and analysis                                       ; Off                ;      ;    ;             ;
; Reports worst-case timing paths for each clock domain and analysis                                   ; Off                ;      ;    ;             ;
; Specifies the maximum number of worst-case timing paths to report for each clock domain and analysis ; 100                ;      ;    ;             ;
; Removes common clock path pessimism (CCPP) during slack computation                                  ; Off                ;      ;    ;             ;
; Output I/O Timing Endpoint                                                                           ; Near End           ;      ;    ;             ;
+------------------------------------------------------------------------------------------------------+--------------------+------+----+-------------+


Parallel compilation was disabled, but you have multiple processors available. Enable parallel compilation to reduce compilation time.
+-------------------------------------+
; Parallel Compilation                ;
+----------------------------+--------+
; Processors                 ; Number ;
+----------------------------+--------+
; Number detected on machine ; 4      ;
; Maximum allowed            ; 1      ;
+----------------------------+--------+


+-------------------------------------------------------------+
; tpd                                                         ;
+-------+-------------------+-----------------+------+--------+
; Slack ; Required P2P Time ; Actual P2P Time ; From ; To     ;
+-------+-------------------+-----------------+------+--------+
; N/A   ; None              ; 10.904 ns       ; a[0] ; hex[1] ;
; N/A   ; None              ; 10.736 ns       ; a[0] ; hex[0] ;
; N/A   ; None              ; 10.584 ns       ; a[2] ; hex[1] ;
; N/A   ; None              ; 10.430 ns       ; a[0] ; hex[5] ;
; N/A   ; None              ; 10.392 ns       ; a[0] ; hex[2] ;
; N/A   ; None              ; 10.386 ns       ; a[2] ; hex[0] ;
; N/A   ; None              ; 10.384 ns       ; a[0] ; hex[4] ;
; N/A   ; None              ; 10.105 ns       ; a[2] ; hex[6] ;
; N/A   ; None              ; 10.079 ns       ; a[2] ; hex[5] ;
; N/A   ; None              ; 10.072 ns       ; a[2] ; hex[2] ;
; N/A   ; None              ; 10.064 ns       ; a[2] ; hex[4] ;
; N/A   ; None              ; 9.830 ns        ; a[1] ; hex[1] ;
; N/A   ; None              ; 9.631 ns        ; a[1] ; hex[0] ;
; N/A   ; None              ; 9.338 ns        ; a[1] ; hex[6] ;
; N/A   ; None              ; 9.325 ns        ; a[1] ; hex[5] ;
; N/A   ; None              ; 9.319 ns        ; a[1] ; hex[2] ;
; N/A   ; None              ; 9.311 ns        ; a[1] ; hex[4] ;
; N/A   ; None              ; 9.113 ns        ; a[0] ; hex[3] ;
; N/A   ; None              ; 8.662 ns        ; a[2] ; hex[3] ;
; N/A   ; None              ; 8.037 ns        ; a[1] ; hex[3] ;
; N/A   ; None              ; 6.989 ns        ; a[3] ; hex[1] ;
; N/A   ; None              ; 6.791 ns        ; a[3] ; hex[0] ;
; N/A   ; None              ; 6.485 ns        ; a[3] ; hex[5] ;
; N/A   ; None              ; 6.478 ns        ; a[3] ; hex[2] ;
; N/A   ; None              ; 6.470 ns        ; a[3] ; hex[4] ;
; N/A   ; None              ; 6.391 ns        ; a[3] ; hex[6] ;
; N/A   ; None              ; 5.198 ns        ; a[3] ; hex[3] ;
+-------+-------------------+-----------------+------+--------+


+--------------------------+
; Timing Analyzer Messages ;
+--------------------------+
Info: *******************************************************************
Info: Running Quartus II Classic Timing Analyzer
    Info: Version 9.1 Build 350 03/24/2010 Service Pack 2 SJ Web Edition
    Info: Processing started: Tue Jan 02 10:02:54 2024
Info: Command: quartus_tan --read_settings_files=off --write_settings_files=off DECODER -c DECODER --timing_analysis_only
Info: Longest tpd from source pin "a[0]" to destination pin "hex[1]" is 10.904 ns
    Info: 1: + IC(0.000 ns) + CELL(0.837 ns) = 0.837 ns; Loc. = PIN_Y14; Fanout = 6; PIN Node = 'a[0]'
    Info: 2: + IC(5.035 ns) + CELL(0.225 ns) = 6.097 ns; Loc. = LCCOMB_X18_Y26_N16; Fanout = 1; COMB Node = 'Mux5~0'
    Info: 3: + IC(2.693 ns) + CELL(2.114 ns) = 10.904 ns; Loc. = PIN_N8; Fanout = 0; PIN Node = 'hex[1]'
    Info: Total cell delay = 3.176 ns ( 29.13 % )
    Info: Total interconnect delay = 7.728 ns ( 70.87 % )
Info: Quartus II Classic Timing Analyzer was successful. 0 errors, 0 warnings
    Info: Peak virtual memory: 185 megabytes
    Info: Processing ended: Tue Jan 02 10:02:54 2024
    Info: Elapsed time: 00:00:00
    Info: Total CPU time (on all processors): 00:00:00


