Classic Timing Analyzer report for OR_2
Tue Jan 02 15:49:54 2024
Quartus II Version 9.1 Build 350 03/24/2010 Service Pack 2 SJ Web Edition


---------------------
; Table of Contents ;
---------------------
  1. Legal Notice
  2. Timing Analyzer Summary
  3. Timing Analyzer Settings
  4. Parallel Compilation
  5. tpd
  6. Timing Analyzer Messages



----------------
; Legal Notice ;
----------------
Copyright (C) 1991-2010 Altera Corporation
Your use of Altera Corporation's design tools, logic functions 
and other software and tools, and its AMPP partner logic 
functions, and any output files from any of the foregoing 
(including device programming or simulation files), and any 
associated documentation or information are expressly subject 
to the terms and conditions of the Altera Program License 
Subscription Agreement, Altera MegaCore Function License 
Agreement, or other applicable license agreement, including, 
without limitation, that your use is for the sole purpose of 
programming logic devices manufactured by Altera and sold by 
Altera or its authorized distributors.  Please refer to the 
applicable agreement for further details.



+-----------------------------------------------------------------------------------------------------------------------+
; Timing Analyzer Summary                                                                                               ;
+------------------------------+-------+---------------+-------------+------+----+------------+----------+--------------+
; Type                         ; Slack ; Required Time ; Actual Time ; From ; To ; From Clock ; To Clock ; Failed Paths ;
+------------------------------+-------+---------------+-------------+------+----+------------+----------+--------------+
; Worst-case tpd               ; N/A   ; None          ; 9.111 ns    ; a    ; c  ; --         ; --       ; 0            ;
; Total number of failed paths ;       ;               ;             ;      ;    ;            ;          ; 0            ;
+------------------------------+-------+---------------+-------------+------+----+------------+----------+--------------+


+-----------------------------------------------------------------------------------------------------------------------------------------------------+
; Timing Analyzer Settings                                                                                                                            ;
+------------------------------------------------------------------------------------------------------+--------------------+------+----+-------------+
; Option                                                                                               ; Setting            ; From ; To ; Entity Name ;
+------------------------------------------------------------------------------------------------------+--------------------+------+----+-------------+
; Device Name                                                                                          ; EP2S15F484C3       ;      ;    ;             ;
; Timing Models                                                                                        ; Final              ;      ;    ;             ;
; Default hold multicycle                                                                              ; Same as Multicycle ;      ;    ;             ;
; Cut paths between unrelated clock domains                                                            ; On                 ;      ;    ;             ;
; Cut off read during write signal paths                                                               ; On                 ;      ;    ;             ;
; Cut off feedback from I/O pins                                                                       ; On                 ;      ;    ;             ;
; Report Combined Fast/Slow Timing                                                                     ; Off                ;      ;    ;             ;
; Ignore Clock Settings                                                                                ; Off                ;      ;    ;             ;
; Analyze latches as synchronous elements                                                              ; On                 ;      ;    ;             ;
; Enable Recovery/Removal analysis                                                                     ; Off                ;      ;    ;             ;
; Enable Clock Latency                                                                                 ; Off                ;      ;    ;             ;
; Use TimeQuest Timing Analyzer                                                                        ; Off                ;      ;    ;             ;
; Number of source nodes to report per destination node                                                ; 10                 ;      ;    ;             ;
; Number of destination nodes to report                                                                ; 10                 ;      ;    ;             ;
; Number of paths to report                                                                            ; 200                ;      ;    ;             ;
; Report Minimum Timing Checks                                                                         ; Off                ;      ;    ;             ;
; Use Fast Timing Models                                                                               ; Off                ;      ;    ;             ;
; Report IO Paths Separately                                                                           ; Off                ;      ;    ;             ;
; Perform Multicorner Analysis                                                                         ; On                 ;      ;    ;             ;
; Reports the worst-case path for each clock domain and analysis                                       ; Off                ;      ;    ;             ;
; Reports worst-case timing paths for each clock domain and analysis                                   ; Off                ;      ;    ;             ;
; Specifies the maximum number of worst-case timing paths to report for each clock domain and analysis ; 100                ;      ;    ;             ;
; Removes common clock path pessimism (CCPP) during slack computation                                  ; Off                ;      ;    ;             ;
; Output I/O Timing Endpoint                                                                           ; Near End           ;      ;    ;             ;
+------------------------------------------------------------------------------------------------------+--------------------+------+----+-------------+


Parallel compilation was disabled, but you have multiple processors available. Enable parallel compilation to reduce compilation time.
+-------------------------------------+
; Parallel Compilation                ;
+----------------------------+--------+
; Processors                 ; Number ;
+----------------------------+--------+
; Number detected on machine ; 4      ;
; Maximum allowed            ; 1      ;
+----------------------------+--------+


+---------------------------------------------------------+
; tpd                                                     ;
+-------+-------------------+-----------------+------+----+
; Slack ; Required P2P Time ; Actual P2P Time ; From ; To ;
+-------+-------------------+-----------------+------+----+
; N/A   ; None              ; 9.111 ns        ; a    ; c  ;
; N/A   ; None              ; 8.613 ns        ; b    ; c  ;
+-------+-------------------+-----------------+------+----+


+--------------------------+
; Timing Analyzer Messages ;
+--------------------------+
Info: *******************************************************************
Info: Running Quartus II Classic Timing Analyzer
    Info: Version 9.1 Build 350 03/24/2010 Service Pack 2 SJ Web Edition
    Info: Processing started: Tue Jan 02 15:49:54 2024
Info: Command: quartus_tan --read_settings_files=off --write_settings_files=off OR_2 -c OR_2 --timing_analysis_only
Info: Longest tpd from source pin "a" to destination pin "c" is 9.111 ns
    Info: 1: + IC(0.000 ns) + CELL(0.827 ns) = 0.827 ns; Loc. = PIN_E9; Fanout = 1; PIN Node = 'a'
    Info: 2: + IC(4.301 ns) + CELL(0.272 ns) = 5.400 ns; Loc. = LCCOMB_X34_Y11_N18; Fanout = 1; COMB Node = 'c~0'
    Info: 3: + IC(1.577 ns) + CELL(2.134 ns) = 9.111 ns; Loc. = PIN_H3; Fanout = 0; PIN Node = 'c'
    Info: Total cell delay = 3.233 ns ( 35.48 % )
    Info: Total interconnect delay = 5.878 ns ( 64.52 % )
Info: Quartus II Classic Timing Analyzer was successful. 0 errors, 0 warnings
    Info: Peak virtual memory: 185 megabytes
    Info: Processing ended: Tue Jan 02 15:49:54 2024
    Info: Elapsed time: 00:00:00
    Info: Total CPU time (on all processors): 00:00:00


