Simulator report for digital_clock
Wed Jan 10 23:37:03 2024
Quartus II Version 9.1 Build 350 03/24/2010 Service Pack 2 SJ Web Edition


---------------------
; Table of Contents ;
---------------------
  1. Legal Notice
  2. Simulator Summary
  3. Simulator Settings
  4. Simulation Waveforms
  5. Coverage Summary
  6. Complete 1/0-Value Coverage
  7. Missing 1-Value Coverage
  8. Missing 0-Value Coverage
  9. Simulator INI Usage
 10. Simulator Messages



----------------
; Legal Notice ;
----------------
Copyright (C) 1991-2010 Altera Corporation
Your use of Altera Corporation's design tools, logic functions 
and other software and tools, and its AMPP partner logic 
functions, and any output files from any of the foregoing 
(including device programming or simulation files), and any 
associated documentation or information are expressly subject 
to the terms and conditions of the Altera Program License 
Subscription Agreement, Altera MegaCore Function License 
Agreement, or other applicable license agreement, including, 
without limitation, that your use is for the sole purpose of 
programming logic devices manufactured by Altera and sold by 
Altera or its authorized distributors.  Please refer to the 
applicable agreement for further details.



+--------------------------------------------+
; Simulator Summary                          ;
+-----------------------------+--------------+
; Type                        ; Value        ;
+-----------------------------+--------------+
; Simulation Start Time       ; 0 ps         ;
; Simulation End Time         ; 180.0 s      ;
; Simulation Netlist Size     ; 196 nodes    ;
; Simulation Coverage         ;      70.18 % ;
; Total Number of Transitions ; 50119596     ;
; Simulation Breakpoints      ; 0            ;
; Family                      ; Cyclone III  ;
; Device                      ; EP3C25Q240C8 ;
+-----------------------------+--------------+


+-------------------------------------------------------------------------------------------------------------------------+
; Simulator Settings                                                                                                      ;
+--------------------------------------------------------------------------------------------+------------+---------------+
; Option                                                                                     ; Setting    ; Default Value ;
+--------------------------------------------------------------------------------------------+------------+---------------+
; Simulation mode                                                                            ; Timing     ; Timing        ;
; Start time                                                                                 ; 0 ns       ; 0 ns          ;
; Simulation results format                                                                  ; CVWF       ;               ;
; Add pins automatically to simulation output waveforms                                      ; On         ; On            ;
; Check outputs                                                                              ; Off        ; Off           ;
; Report simulation coverage                                                                 ; On         ; On            ;
; Display complete 1/0 value coverage report                                                 ; On         ; On            ;
; Display missing 1-value coverage report                                                    ; On         ; On            ;
; Display missing 0-value coverage report                                                    ; On         ; On            ;
; Detect setup and hold time violations                                                      ; Off        ; Off           ;
; Detect glitches                                                                            ; Off        ; Off           ;
; Disable timing delays in Timing Simulation                                                 ; Off        ; Off           ;
; Generate Signal Activity File                                                              ; Off        ; Off           ;
; Generate VCD File for PowerPlay Power Analyzer                                             ; Off        ; Off           ;
; Group bus channels in simulation results                                                   ; Off        ; Off           ;
; Preserve fewer signal transitions to reduce memory requirements                            ; On         ; On            ;
; Trigger vector comparison with the specified mode                                          ; INPUT_EDGE ; INPUT_EDGE    ;
; Disable setup and hold time violations detection in input registers of bi-directional pins ; Off        ; Off           ;
; Overwrite Waveform Inputs With Simulation Outputs                                          ; Off        ;               ;
; Perform Glitch Filtering in Timing Simulation                                              ; Auto       ; Auto          ;
; Interconnect Delay Model Type                                                              ; Transport  ; Transport     ;
; Cell Delay Model Type                                                                      ; Transport  ; Transport     ;
+--------------------------------------------------------------------------------------------+------------+---------------+


+----------------------+
; Simulation Waveforms ;
+----------------------+
Waveform report data cannot be output to ASCII.
Please use Quartus II to view the waveform report data.


+--------------------------------------------------------------------+
; Coverage Summary                                                   ;
+-----------------------------------------------------+--------------+
; Type                                                ; Value        ;
+-----------------------------------------------------+--------------+
; Total coverage as a percentage                      ;      70.18 % ;
; Total nodes checked                                 ; 196          ;
; Total output ports checked                          ; 218          ;
; Total output ports with complete 1/0-value coverage ; 153          ;
; Total output ports with no 1/0-value coverage       ; 63           ;
; Total output ports with no 1-value coverage         ; 64           ;
; Total output ports with no 0-value coverage         ; 64           ;
+-----------------------------------------------------+--------------+


The following table displays output ports that toggle between 1 and 0 during simulation.
+------------------------------------------------------------------------------------------------+
; Complete 1/0-Value Coverage                                                                    ;
+--------------------------------------+--------------------------------------+------------------+
; Node Name                            ; Output Port Name                     ; Output Port Type ;
+--------------------------------------+--------------------------------------+------------------+
; |digital_clock|SECOND:U2|Add0~0      ; |digital_clock|SECOND:U2|Add0~0      ; combout          ;
; |digital_clock|SECOND:U2|Add0~0      ; |digital_clock|SECOND:U2|Add0~1      ; cout             ;
; |digital_clock|SECOND:U2|Add0~2      ; |digital_clock|SECOND:U2|Add0~2      ; combout          ;
; |digital_clock|SECOND:U2|Add0~2      ; |digital_clock|SECOND:U2|Add0~3      ; cout             ;
; |digital_clock|SECOND:U2|Add0~4      ; |digital_clock|SECOND:U2|Add0~4      ; combout          ;
; |digital_clock|SECOND:U2|Add0~4      ; |digital_clock|SECOND:U2|Add0~5      ; cout             ;
; |digital_clock|SECOND:U2|Add0~6      ; |digital_clock|SECOND:U2|Add0~6      ; combout          ;
; |digital_clock|FENPIN:U1|CNT2[0]     ; |digital_clock|FENPIN:U1|CNT2[0]     ; q                ;
; |digital_clock|FENPIN:U1|CNT2[1]     ; |digital_clock|FENPIN:U1|CNT2[1]     ; q                ;
; |digital_clock|FENPIN:U1|CNT2[2]     ; |digital_clock|FENPIN:U1|CNT2[2]     ; q                ;
; |digital_clock|FENPIN:U1|CNT2[3]     ; |digital_clock|FENPIN:U1|CNT2[3]     ; q                ;
; |digital_clock|FENPIN:U1|CNT2[4]     ; |digital_clock|FENPIN:U1|CNT2[4]     ; q                ;
; |digital_clock|FENPIN:U1|CNT2[5]     ; |digital_clock|FENPIN:U1|CNT2[5]     ; q                ;
; |digital_clock|FENPIN:U1|CNT2[6]     ; |digital_clock|FENPIN:U1|CNT2[6]     ; q                ;
; |digital_clock|FENPIN:U1|CNT2[7]     ; |digital_clock|FENPIN:U1|CNT2[7]     ; q                ;
; |digital_clock|FENPIN:U1|CNT[4]      ; |digital_clock|FENPIN:U1|CNT[4]      ; q                ;
; |digital_clock|FENPIN:U1|CNT[0]      ; |digital_clock|FENPIN:U1|CNT[0]      ; q                ;
; |digital_clock|FENPIN:U1|CNT[1]      ; |digital_clock|FENPIN:U1|CNT[1]      ; q                ;
; |digital_clock|FENPIN:U1|CNT[2]      ; |digital_clock|FENPIN:U1|CNT[2]      ; q                ;
; |digital_clock|FENPIN:U1|CNT[3]      ; |digital_clock|FENPIN:U1|CNT[3]      ; q                ;
; |digital_clock|FENPIN:U1|CNT2[0]~9   ; |digital_clock|FENPIN:U1|CNT2[0]~9   ; combout          ;
; |digital_clock|FENPIN:U1|CNT2[0]~9   ; |digital_clock|FENPIN:U1|CNT2[0]~10  ; cout             ;
; |digital_clock|FENPIN:U1|CNT2[1]~11  ; |digital_clock|FENPIN:U1|CNT2[1]~11  ; combout          ;
; |digital_clock|FENPIN:U1|CNT2[1]~11  ; |digital_clock|FENPIN:U1|CNT2[1]~12  ; cout             ;
; |digital_clock|FENPIN:U1|CNT2[2]~13  ; |digital_clock|FENPIN:U1|CNT2[2]~13  ; combout          ;
; |digital_clock|FENPIN:U1|CNT2[2]~13  ; |digital_clock|FENPIN:U1|CNT2[2]~14  ; cout             ;
; |digital_clock|FENPIN:U1|CNT2[3]~15  ; |digital_clock|FENPIN:U1|CNT2[3]~15  ; combout          ;
; |digital_clock|FENPIN:U1|CNT2[3]~15  ; |digital_clock|FENPIN:U1|CNT2[3]~16  ; cout             ;
; |digital_clock|FENPIN:U1|CNT2[4]~17  ; |digital_clock|FENPIN:U1|CNT2[4]~17  ; combout          ;
; |digital_clock|FENPIN:U1|CNT2[4]~17  ; |digital_clock|FENPIN:U1|CNT2[4]~18  ; cout             ;
; |digital_clock|FENPIN:U1|CNT2[5]~19  ; |digital_clock|FENPIN:U1|CNT2[5]~19  ; combout          ;
; |digital_clock|FENPIN:U1|CNT2[5]~19  ; |digital_clock|FENPIN:U1|CNT2[5]~20  ; cout             ;
; |digital_clock|FENPIN:U1|CNT2[6]~21  ; |digital_clock|FENPIN:U1|CNT2[6]~21  ; combout          ;
; |digital_clock|FENPIN:U1|CNT2[6]~21  ; |digital_clock|FENPIN:U1|CNT2[6]~22  ; cout             ;
; |digital_clock|FENPIN:U1|CNT2[7]~23  ; |digital_clock|FENPIN:U1|CNT2[7]~23  ; combout          ;
; |digital_clock|FENPIN:U1|CNT2[7]~23  ; |digital_clock|FENPIN:U1|CNT2[7]~24  ; cout             ;
; |digital_clock|FENPIN:U1|CNT2[8]~25  ; |digital_clock|FENPIN:U1|CNT2[8]~25  ; combout          ;
; |digital_clock|FENPIN:U1|CNT[0]~6    ; |digital_clock|FENPIN:U1|CNT[0]~6    ; combout          ;
; |digital_clock|FENPIN:U1|CNT[0]~6    ; |digital_clock|FENPIN:U1|CNT[0]~7    ; cout             ;
; |digital_clock|FENPIN:U1|CNT[1]~8    ; |digital_clock|FENPIN:U1|CNT[1]~8    ; combout          ;
; |digital_clock|FENPIN:U1|CNT[1]~8    ; |digital_clock|FENPIN:U1|CNT[1]~9    ; cout             ;
; |digital_clock|FENPIN:U1|CNT[2]~10   ; |digital_clock|FENPIN:U1|CNT[2]~10   ; combout          ;
; |digital_clock|FENPIN:U1|CNT[2]~10   ; |digital_clock|FENPIN:U1|CNT[2]~11   ; cout             ;
; |digital_clock|FENPIN:U1|CNT[3]~12   ; |digital_clock|FENPIN:U1|CNT[3]~12   ; combout          ;
; |digital_clock|FENPIN:U1|CNT[3]~12   ; |digital_clock|FENPIN:U1|CNT[3]~13   ; cout             ;
; |digital_clock|FENPIN:U1|CNT[4]~14   ; |digital_clock|FENPIN:U1|CNT[4]~14   ; combout          ;
; |digital_clock|FENPIN:U1|CNT[4]~14   ; |digital_clock|FENPIN:U1|CNT[4]~15   ; cout             ;
; |digital_clock|FENPIN:U1|CNT[5]~16   ; |digital_clock|FENPIN:U1|CNT[5]~16   ; combout          ;
; |digital_clock|SECOND:U2|COUT2[1]    ; |digital_clock|SECOND:U2|COUT2[1]    ; q                ;
; |digital_clock|SECOND:U2|COUT2[2]    ; |digital_clock|SECOND:U2|COUT2[2]    ; q                ;
; |digital_clock|SECOND:U2|COUT2[0]    ; |digital_clock|SECOND:U2|COUT2[0]    ; q                ;
; |digital_clock|bell:U5|speaker~0     ; |digital_clock|bell:U5|speaker~0     ; combout          ;
; |digital_clock|bell:U5|speaker~2     ; |digital_clock|bell:U5|speaker~2     ; combout          ;
; |digital_clock|MINUTE:U3|COUT1[0]    ; |digital_clock|MINUTE:U3|COUT1[0]    ; q                ;
; |digital_clock|SECOND:U2|COUT1[2]    ; |digital_clock|SECOND:U2|COUT1[2]    ; q                ;
; |digital_clock|SECOND:U2|COUT1[1]    ; |digital_clock|SECOND:U2|COUT1[1]    ; q                ;
; |digital_clock|SECOND:U2|COUT1[3]    ; |digital_clock|SECOND:U2|COUT1[3]    ; q                ;
; |digital_clock|SECOND:U2|COUT1[0]    ; |digital_clock|SECOND:U2|COUT1[0]    ; q                ;
; |digital_clock|bell:U5|speaker~3     ; |digital_clock|bell:U5|speaker~3     ; combout          ;
; |digital_clock|bell:U5|speaker~4     ; |digital_clock|bell:U5|speaker~4     ; combout          ;
; |digital_clock|CNT6:U8|cnt[2]        ; |digital_clock|CNT6:U8|cnt[2]        ; q                ;
; |digital_clock|CNT6:U8|cnt[0]        ; |digital_clock|CNT6:U8|cnt[0]        ; q                ;
; |digital_clock|CNT6:U8|cnt[1]        ; |digital_clock|CNT6:U8|cnt[1]        ; q                ;
; |digital_clock|SelTube:U7|Mux0~0     ; |digital_clock|SelTube:U7|Mux0~0     ; combout          ;
; |digital_clock|SelTube:U7|Mux0~1     ; |digital_clock|SelTube:U7|Mux0~1     ; combout          ;
; |digital_clock|SelTube:U7|Mux0~2     ; |digital_clock|SelTube:U7|Mux0~2     ; combout          ;
; |digital_clock|SelTube:U7|Mux0~3     ; |digital_clock|SelTube:U7|Mux0~3     ; combout          ;
; |digital_clock|SelTube:U7|Mux0~4     ; |digital_clock|SelTube:U7|Mux0~4     ; combout          ;
; |digital_clock|SelTube:U7|Mux0~5     ; |digital_clock|SelTube:U7|Mux0~5     ; combout          ;
; |digital_clock|SelNumber:U6|Mux3~0   ; |digital_clock|SelNumber:U6|Mux3~0   ; combout          ;
; |digital_clock|SelNumber:U6|Mux3~1   ; |digital_clock|SelNumber:U6|Mux3~1   ; combout          ;
; |digital_clock|SelNumber:U6|Mux3~2   ; |digital_clock|SelNumber:U6|Mux3~2   ; combout          ;
; |digital_clock|SelNumber:U6|Mux3~3   ; |digital_clock|SelNumber:U6|Mux3~3   ; combout          ;
; |digital_clock|SelNumber:U6|Mux2~0   ; |digital_clock|SelNumber:U6|Mux2~0   ; combout          ;
; |digital_clock|SelNumber:U6|Mux2~1   ; |digital_clock|SelNumber:U6|Mux2~1   ; combout          ;
; |digital_clock|SelNumber:U6|Mux2~2   ; |digital_clock|SelNumber:U6|Mux2~2   ; combout          ;
; |digital_clock|SelNumber:U6|Mux2~3   ; |digital_clock|SelNumber:U6|Mux2~3   ; combout          ;
; |digital_clock|SelNumber:U6|Mux1~0   ; |digital_clock|SelNumber:U6|Mux1~0   ; combout          ;
; |digital_clock|SelNumber:U6|Mux1~1   ; |digital_clock|SelNumber:U6|Mux1~1   ; combout          ;
; |digital_clock|SelNumber:U6|Mux1~3   ; |digital_clock|SelNumber:U6|Mux1~3   ; combout          ;
; |digital_clock|SelNumber:U6|Mux0~0   ; |digital_clock|SelNumber:U6|Mux0~0   ; combout          ;
; |digital_clock|SelNumber:U6|Mux0~1   ; |digital_clock|SelNumber:U6|Mux0~1   ; combout          ;
; |digital_clock|SelNumber:U6|Mux0~3   ; |digital_clock|SelNumber:U6|Mux0~3   ; combout          ;
; |digital_clock|DECODER:U9|Mux6~0     ; |digital_clock|DECODER:U9|Mux6~0     ; combout          ;
; |digital_clock|DECODER:U9|Mux5~0     ; |digital_clock|DECODER:U9|Mux5~0     ; combout          ;
; |digital_clock|DECODER:U9|Mux4~0     ; |digital_clock|DECODER:U9|Mux4~0     ; combout          ;
; |digital_clock|DECODER:U9|Mux3~0     ; |digital_clock|DECODER:U9|Mux3~0     ; combout          ;
; |digital_clock|DECODER:U9|Mux2~0     ; |digital_clock|DECODER:U9|Mux2~0     ; combout          ;
; |digital_clock|DECODER:U9|Mux1~0     ; |digital_clock|DECODER:U9|Mux1~0     ; combout          ;
; |digital_clock|DECODER:U9|Mux0~0     ; |digital_clock|DECODER:U9|Mux0~0     ; combout          ;
; |digital_clock|MINUTE:U3|COUT1~0     ; |digital_clock|MINUTE:U3|COUT1~0     ; combout          ;
; |digital_clock|FENPIN:U1|Q1          ; |digital_clock|FENPIN:U1|Q1          ; q                ;
; |digital_clock|SECOND:U2|MM          ; |digital_clock|SECOND:U2|MM          ; q                ;
; |digital_clock|OR_2:U10|c            ; |digital_clock|OR_2:U10|c            ; combout          ;
; |digital_clock|MINUTE:U3|COUT1~1     ; |digital_clock|MINUTE:U3|COUT1~1     ; combout          ;
; |digital_clock|MINUTE:U3|COUT2[0]~0  ; |digital_clock|MINUTE:U3|COUT2[0]~0  ; combout          ;
; |digital_clock|MINUTE:U3|COUT2[1]~1  ; |digital_clock|MINUTE:U3|COUT2[1]~1  ; combout          ;
; |digital_clock|SECOND:U2|COUT1~0     ; |digital_clock|SECOND:U2|COUT1~0     ; combout          ;
; |digital_clock|SECOND:U2|process_0~0 ; |digital_clock|SECOND:U2|process_0~0 ; combout          ;
; |digital_clock|SECOND:U2|COUT2[1]~0  ; |digital_clock|SECOND:U2|COUT2[1]~0  ; combout          ;
; |digital_clock|SECOND:U2|COUT2[2]~1  ; |digital_clock|SECOND:U2|COUT2[2]~1  ; combout          ;
; |digital_clock|SECOND:U2|COUT1~1     ; |digital_clock|SECOND:U2|COUT1~1     ; combout          ;
; |digital_clock|SECOND:U2|COUT1~2     ; |digital_clock|SECOND:U2|COUT1~2     ; combout          ;
; |digital_clock|SECOND:U2|COUT1~3     ; |digital_clock|SECOND:U2|COUT1~3     ; combout          ;
; |digital_clock|CNT6:U8|cnt~0         ; |digital_clock|CNT6:U8|cnt~0         ; combout          ;
; |digital_clock|FENPIN:U1|X           ; |digital_clock|FENPIN:U1|X           ; q                ;
; |digital_clock|CNT6:U8|cnt~1         ; |digital_clock|CNT6:U8|cnt~1         ; combout          ;
; |digital_clock|FENPIN:U1|LessThan1~0 ; |digital_clock|FENPIN:U1|LessThan1~0 ; combout          ;
; |digital_clock|FENPIN:U1|LessThan1~1 ; |digital_clock|FENPIN:U1|LessThan1~1 ; combout          ;
; |digital_clock|FENPIN:U1|LessThan1~2 ; |digital_clock|FENPIN:U1|LessThan1~2 ; combout          ;
; |digital_clock|SECOND:U2|MM~0        ; |digital_clock|SECOND:U2|MM~0        ; combout          ;
; |digital_clock|SECOND:U2|MM~1        ; |digital_clock|SECOND:U2|MM~1        ; combout          ;
; |digital_clock|FENPIN:U1|LessThan0~0 ; |digital_clock|FENPIN:U1|LessThan0~0 ; combout          ;
; |digital_clock|FENPIN:U1|X~0         ; |digital_clock|FENPIN:U1|X~0         ; combout          ;
; |digital_clock|FENPIN:U1|LessThan0~1 ; |digital_clock|FENPIN:U1|LessThan0~1 ; combout          ;
; |digital_clock|MINUTE:U3|COUT1[0]~5  ; |digital_clock|MINUTE:U3|COUT1[0]~5  ; combout          ;
; |digital_clock|SECOND:U2|COUT1[0]~5  ; |digital_clock|SECOND:U2|COUT1[0]~5  ; combout          ;
; |digital_clock|CNT6:U8|cnt[0]~2      ; |digital_clock|CNT6:U8|cnt[0]~2      ; combout          ;
; |digital_clock|qw~output             ; |digital_clock|qw~output             ; o                ;
; |digital_clock|qw                    ; |digital_clock|qw                    ; padout           ;
; |digital_clock|r[0]~output           ; |digital_clock|r[0]~output           ; o                ;
; |digital_clock|r[0]                  ; |digital_clock|r[0]                  ; padout           ;
; |digital_clock|r[1]~output           ; |digital_clock|r[1]~output           ; o                ;
; |digital_clock|r[1]                  ; |digital_clock|r[1]                  ; padout           ;
; |digital_clock|r[2]~output           ; |digital_clock|r[2]~output           ; o                ;
; |digital_clock|r[2]                  ; |digital_clock|r[2]                  ; padout           ;
; |digital_clock|r[3]~output           ; |digital_clock|r[3]~output           ; o                ;
; |digital_clock|r[3]                  ; |digital_clock|r[3]                  ; padout           ;
; |digital_clock|r[4]~output           ; |digital_clock|r[4]~output           ; o                ;
; |digital_clock|r[4]                  ; |digital_clock|r[4]                  ; padout           ;
; |digital_clock|r[5]~output           ; |digital_clock|r[5]~output           ; o                ;
; |digital_clock|r[5]                  ; |digital_clock|r[5]                  ; padout           ;
; |digital_clock|qout[0]~output        ; |digital_clock|qout[0]~output        ; o                ;
; |digital_clock|qout[0]               ; |digital_clock|qout[0]               ; padout           ;
; |digital_clock|qout[1]~output        ; |digital_clock|qout[1]~output        ; o                ;
; |digital_clock|qout[1]               ; |digital_clock|qout[1]               ; padout           ;
; |digital_clock|qout[2]~output        ; |digital_clock|qout[2]~output        ; o                ;
; |digital_clock|qout[2]               ; |digital_clock|qout[2]               ; padout           ;
; |digital_clock|qout[3]~output        ; |digital_clock|qout[3]~output        ; o                ;
; |digital_clock|qout[3]               ; |digital_clock|qout[3]               ; padout           ;
; |digital_clock|qout[4]~output        ; |digital_clock|qout[4]~output        ; o                ;
; |digital_clock|qout[4]               ; |digital_clock|qout[4]               ; padout           ;
; |digital_clock|qout[5]~output        ; |digital_clock|qout[5]~output        ; o                ;
; |digital_clock|qout[5]               ; |digital_clock|qout[5]               ; padout           ;
; |digital_clock|qout[6]~output        ; |digital_clock|qout[6]~output        ; o                ;
; |digital_clock|qout[6]               ; |digital_clock|qout[6]               ; padout           ;
; |digital_clock|CLK~input             ; |digital_clock|CLK~input             ; o                ;
; |digital_clock|CLK                   ; |digital_clock|CLK                   ; padout           ;
; |digital_clock|CLK~inputclkctrl      ; |digital_clock|CLK~inputclkctrl      ; outclk           ;
; |digital_clock|FENPIN:U1|Q1~clkctrl  ; |digital_clock|FENPIN:U1|Q1~clkctrl  ; outclk           ;
; |digital_clock|FENPIN:U1|X~clkctrl   ; |digital_clock|FENPIN:U1|X~clkctrl   ; outclk           ;
; |digital_clock|FENPIN:U1|Q1~feeder   ; |digital_clock|FENPIN:U1|Q1~feeder   ; combout          ;
; |digital_clock|FENPIN:U1|X~feeder    ; |digital_clock|FENPIN:U1|X~feeder    ; combout          ;
+--------------------------------------+--------------------------------------+------------------+


The following table displays output ports that do not toggle to 1 during simulation.
+------------------------------------------------------------------------------------------------+
; Missing 1-Value Coverage                                                                       ;
+--------------------------------------+--------------------------------------+------------------+
; Node Name                            ; Output Port Name                     ; Output Port Type ;
+--------------------------------------+--------------------------------------+------------------+
; |digital_clock|MINUTE:U3|Add0~0      ; |digital_clock|MINUTE:U3|Add0~0      ; combout          ;
; |digital_clock|MINUTE:U3|Add0~0      ; |digital_clock|MINUTE:U3|Add0~1      ; cout             ;
; |digital_clock|MINUTE:U3|Add0~2      ; |digital_clock|MINUTE:U3|Add0~2      ; combout          ;
; |digital_clock|MINUTE:U3|Add0~2      ; |digital_clock|MINUTE:U3|Add0~3      ; cout             ;
; |digital_clock|MINUTE:U3|Add0~4      ; |digital_clock|MINUTE:U3|Add0~4      ; combout          ;
; |digital_clock|MINUTE:U3|Add0~4      ; |digital_clock|MINUTE:U3|Add0~5      ; cout             ;
; |digital_clock|MINUTE:U3|Add0~6      ; |digital_clock|MINUTE:U3|Add0~6      ; combout          ;
; |digital_clock|HOUR:U4|Add1~0        ; |digital_clock|HOUR:U4|Add1~0        ; combout          ;
; |digital_clock|HOUR:U4|Add1~0        ; |digital_clock|HOUR:U4|Add1~1        ; cout             ;
; |digital_clock|HOUR:U4|Add1~2        ; |digital_clock|HOUR:U4|Add1~2        ; combout          ;
; |digital_clock|HOUR:U4|Add1~2        ; |digital_clock|HOUR:U4|Add1~3        ; cout             ;
; |digital_clock|HOUR:U4|Add1~4        ; |digital_clock|HOUR:U4|Add1~4        ; combout          ;
; |digital_clock|HOUR:U4|Add1~4        ; |digital_clock|HOUR:U4|Add1~5        ; cout             ;
; |digital_clock|HOUR:U4|Add1~6        ; |digital_clock|HOUR:U4|Add1~6        ; combout          ;
; |digital_clock|FENPIN:U1|CNT2[8]     ; |digital_clock|FENPIN:U1|CNT2[8]     ; q                ;
; |digital_clock|FENPIN:U1|CNT[5]      ; |digital_clock|FENPIN:U1|CNT[5]      ; q                ;
; |digital_clock|MINUTE:U3|COUT1[2]    ; |digital_clock|MINUTE:U3|COUT1[2]    ; q                ;
; |digital_clock|MINUTE:U3|COUT2[3]    ; |digital_clock|MINUTE:U3|COUT2[3]    ; q                ;
; |digital_clock|MINUTE:U3|COUT2[1]    ; |digital_clock|MINUTE:U3|COUT2[1]    ; q                ;
; |digital_clock|MINUTE:U3|process_0~0 ; |digital_clock|MINUTE:U3|process_0~0 ; combout          ;
; |digital_clock|SECOND:U2|COUT2[3]    ; |digital_clock|SECOND:U2|COUT2[3]    ; q                ;
; |digital_clock|MINUTE:U3|COUT2[0]    ; |digital_clock|MINUTE:U3|COUT2[0]    ; q                ;
; |digital_clock|MINUTE:U3|COUT1[3]    ; |digital_clock|MINUTE:U3|COUT1[3]    ; q                ;
; |digital_clock|MINUTE:U3|COUT2[2]    ; |digital_clock|MINUTE:U3|COUT2[2]    ; q                ;
; |digital_clock|bell:U5|speaker~1     ; |digital_clock|bell:U5|speaker~1     ; combout          ;
; |digital_clock|HOUR:U4|COUNT_GE[2]   ; |digital_clock|HOUR:U4|COUNT_GE[2]   ; q                ;
; |digital_clock|HOUR:U4|COUNT_GE[3]   ; |digital_clock|HOUR:U4|COUNT_GE[3]   ; q                ;
; |digital_clock|HOUR:U4|COUNT_SHI[0]  ; |digital_clock|HOUR:U4|COUNT_SHI[0]  ; q                ;
; |digital_clock|HOUR:U4|COUNT_SHI[2]  ; |digital_clock|HOUR:U4|COUNT_SHI[2]  ; q                ;
; |digital_clock|bell:U5|Equal0~0      ; |digital_clock|bell:U5|Equal0~0      ; combout          ;
; |digital_clock|HOUR:U4|COUNT_SHI[1]  ; |digital_clock|HOUR:U4|COUNT_SHI[1]  ; q                ;
; |digital_clock|HOUR:U4|COUNT_GE[1]   ; |digital_clock|HOUR:U4|COUNT_GE[1]   ; q                ;
; |digital_clock|HOUR:U4|COUNT_GE[0]   ; |digital_clock|HOUR:U4|COUNT_GE[0]   ; q                ;
; |digital_clock|bell:U5|Equal0~1      ; |digital_clock|bell:U5|Equal0~1      ; combout          ;
; |digital_clock|HOUR:U4|COUNT_SHI[3]  ; |digital_clock|HOUR:U4|COUNT_SHI[3]  ; q                ;
; |digital_clock|bell:U5|Equal0~2      ; |digital_clock|bell:U5|Equal0~2      ; combout          ;
; |digital_clock|SelNumber:U6|Mux1~2   ; |digital_clock|SelNumber:U6|Mux1~2   ; combout          ;
; |digital_clock|SelNumber:U6|Mux0~2   ; |digital_clock|SelNumber:U6|Mux0~2   ; combout          ;
; |digital_clock|MINUTE:U3|COUT1~2     ; |digital_clock|MINUTE:U3|COUT1~2     ; combout          ;
; |digital_clock|MINUTE:U3|process_0~1 ; |digital_clock|MINUTE:U3|process_0~1 ; combout          ;
; |digital_clock|MINUTE:U3|process_0~2 ; |digital_clock|MINUTE:U3|process_0~2 ; combout          ;
; |digital_clock|MINUTE:U3|COUT2[1]~2  ; |digital_clock|MINUTE:U3|COUT2[1]~2  ; combout          ;
; |digital_clock|MINUTE:U3|COUT1~3     ; |digital_clock|MINUTE:U3|COUT1~3     ; combout          ;
; |digital_clock|MINUTE:U3|COUT2[2]~3  ; |digital_clock|MINUTE:U3|COUT2[2]~3  ; combout          ;
; |digital_clock|HOUR:U4|LessThan0~0   ; |digital_clock|HOUR:U4|LessThan0~0   ; combout          ;
; |digital_clock|HOUR:U4|process_0~0   ; |digital_clock|HOUR:U4|process_0~0   ; combout          ;
; |digital_clock|HOUR:U4|process_0~1   ; |digital_clock|HOUR:U4|process_0~1   ; combout          ;
; |digital_clock|HOUR:U4|COUNT_GE~0    ; |digital_clock|HOUR:U4|COUNT_GE~0    ; combout          ;
; |digital_clock|HOUR:U4|Add0~0        ; |digital_clock|HOUR:U4|Add0~0        ; combout          ;
; |digital_clock|HOUR:U4|COUNT_GE~1    ; |digital_clock|HOUR:U4|COUNT_GE~1    ; combout          ;
; |digital_clock|HOUR:U4|COUNT_SHI~0   ; |digital_clock|HOUR:U4|COUNT_SHI~0   ; combout          ;
; |digital_clock|HOUR:U4|COUNT_GE~2    ; |digital_clock|HOUR:U4|COUNT_GE~2    ; combout          ;
; |digital_clock|HOUR:U4|COUNT_GE~3    ; |digital_clock|HOUR:U4|COUNT_GE~3    ; combout          ;
; |digital_clock|MINUTE:U3|CC          ; |digital_clock|MINUTE:U3|CC          ; q                ;
; |digital_clock|HOUR:U4|CLK           ; |digital_clock|HOUR:U4|CLK           ; combout          ;
; |digital_clock|MINUTE:U3|process_0~3 ; |digital_clock|MINUTE:U3|process_0~3 ; combout          ;
; |digital_clock|SB~input              ; |digital_clock|SB~input              ; o                ;
; |digital_clock|SB                    ; |digital_clock|SB                    ; padout           ;
; |digital_clock|SC~input              ; |digital_clock|SC~input              ; o                ;
; |digital_clock|SC                    ; |digital_clock|SC                    ; padout           ;
; |digital_clock|SA~input              ; |digital_clock|SA~input              ; o                ;
; |digital_clock|SA                    ; |digital_clock|SA                    ; padout           ;
; |digital_clock|HOUR:U4|CLK~clkctrl   ; |digital_clock|HOUR:U4|CLK~clkctrl   ; outclk           ;
; |digital_clock|SC~inputclkctrl       ; |digital_clock|SC~inputclkctrl       ; outclk           ;
+--------------------------------------+--------------------------------------+------------------+


The following table displays output ports that do not toggle to 0 during simulation.
+------------------------------------------------------------------------------------------------+
; Missing 0-Value Coverage                                                                       ;
+--------------------------------------+--------------------------------------+------------------+
; Node Name                            ; Output Port Name                     ; Output Port Type ;
+--------------------------------------+--------------------------------------+------------------+
; |digital_clock|MINUTE:U3|Add0~0      ; |digital_clock|MINUTE:U3|Add0~0      ; combout          ;
; |digital_clock|MINUTE:U3|Add0~0      ; |digital_clock|MINUTE:U3|Add0~1      ; cout             ;
; |digital_clock|MINUTE:U3|Add0~2      ; |digital_clock|MINUTE:U3|Add0~2      ; combout          ;
; |digital_clock|MINUTE:U3|Add0~2      ; |digital_clock|MINUTE:U3|Add0~3      ; cout             ;
; |digital_clock|MINUTE:U3|Add0~4      ; |digital_clock|MINUTE:U3|Add0~4      ; combout          ;
; |digital_clock|MINUTE:U3|Add0~4      ; |digital_clock|MINUTE:U3|Add0~5      ; cout             ;
; |digital_clock|MINUTE:U3|Add0~6      ; |digital_clock|MINUTE:U3|Add0~6      ; combout          ;
; |digital_clock|HOUR:U4|Add1~0        ; |digital_clock|HOUR:U4|Add1~0        ; combout          ;
; |digital_clock|HOUR:U4|Add1~0        ; |digital_clock|HOUR:U4|Add1~1        ; cout             ;
; |digital_clock|HOUR:U4|Add1~2        ; |digital_clock|HOUR:U4|Add1~2        ; combout          ;
; |digital_clock|HOUR:U4|Add1~2        ; |digital_clock|HOUR:U4|Add1~3        ; cout             ;
; |digital_clock|HOUR:U4|Add1~4        ; |digital_clock|HOUR:U4|Add1~4        ; combout          ;
; |digital_clock|HOUR:U4|Add1~4        ; |digital_clock|HOUR:U4|Add1~5        ; cout             ;
; |digital_clock|HOUR:U4|Add1~6        ; |digital_clock|HOUR:U4|Add1~6        ; combout          ;
; |digital_clock|FENPIN:U1|CNT2[8]     ; |digital_clock|FENPIN:U1|CNT2[8]     ; q                ;
; |digital_clock|FENPIN:U1|CNT[5]      ; |digital_clock|FENPIN:U1|CNT[5]      ; q                ;
; |digital_clock|MINUTE:U3|COUT1[2]    ; |digital_clock|MINUTE:U3|COUT1[2]    ; q                ;
; |digital_clock|MINUTE:U3|COUT1[1]    ; |digital_clock|MINUTE:U3|COUT1[1]    ; q                ;
; |digital_clock|MINUTE:U3|COUT2[3]    ; |digital_clock|MINUTE:U3|COUT2[3]    ; q                ;
; |digital_clock|MINUTE:U3|COUT2[1]    ; |digital_clock|MINUTE:U3|COUT2[1]    ; q                ;
; |digital_clock|SECOND:U2|COUT2[3]    ; |digital_clock|SECOND:U2|COUT2[3]    ; q                ;
; |digital_clock|MINUTE:U3|COUT2[0]    ; |digital_clock|MINUTE:U3|COUT2[0]    ; q                ;
; |digital_clock|MINUTE:U3|COUT1[3]    ; |digital_clock|MINUTE:U3|COUT1[3]    ; q                ;
; |digital_clock|MINUTE:U3|COUT2[2]    ; |digital_clock|MINUTE:U3|COUT2[2]    ; q                ;
; |digital_clock|bell:U5|speaker~1     ; |digital_clock|bell:U5|speaker~1     ; combout          ;
; |digital_clock|HOUR:U4|COUNT_GE[2]   ; |digital_clock|HOUR:U4|COUNT_GE[2]   ; q                ;
; |digital_clock|HOUR:U4|COUNT_GE[3]   ; |digital_clock|HOUR:U4|COUNT_GE[3]   ; q                ;
; |digital_clock|HOUR:U4|COUNT_SHI[0]  ; |digital_clock|HOUR:U4|COUNT_SHI[0]  ; q                ;
; |digital_clock|HOUR:U4|COUNT_SHI[2]  ; |digital_clock|HOUR:U4|COUNT_SHI[2]  ; q                ;
; |digital_clock|bell:U5|Equal0~0      ; |digital_clock|bell:U5|Equal0~0      ; combout          ;
; |digital_clock|HOUR:U4|COUNT_SHI[1]  ; |digital_clock|HOUR:U4|COUNT_SHI[1]  ; q                ;
; |digital_clock|HOUR:U4|COUNT_GE[1]   ; |digital_clock|HOUR:U4|COUNT_GE[1]   ; q                ;
; |digital_clock|HOUR:U4|COUNT_GE[0]   ; |digital_clock|HOUR:U4|COUNT_GE[0]   ; q                ;
; |digital_clock|bell:U5|Equal0~1      ; |digital_clock|bell:U5|Equal0~1      ; combout          ;
; |digital_clock|HOUR:U4|COUNT_SHI[3]  ; |digital_clock|HOUR:U4|COUNT_SHI[3]  ; q                ;
; |digital_clock|bell:U5|Equal0~2      ; |digital_clock|bell:U5|Equal0~2      ; combout          ;
; |digital_clock|SelNumber:U6|Mux1~2   ; |digital_clock|SelNumber:U6|Mux1~2   ; combout          ;
; |digital_clock|SelNumber:U6|Mux0~2   ; |digital_clock|SelNumber:U6|Mux0~2   ; combout          ;
; |digital_clock|MINUTE:U3|COUT1~2     ; |digital_clock|MINUTE:U3|COUT1~2     ; combout          ;
; |digital_clock|MINUTE:U3|process_0~1 ; |digital_clock|MINUTE:U3|process_0~1 ; combout          ;
; |digital_clock|MINUTE:U3|process_0~2 ; |digital_clock|MINUTE:U3|process_0~2 ; combout          ;
; |digital_clock|MINUTE:U3|COUT2[1]~2  ; |digital_clock|MINUTE:U3|COUT2[1]~2  ; combout          ;
; |digital_clock|MINUTE:U3|COUT1~3     ; |digital_clock|MINUTE:U3|COUT1~3     ; combout          ;
; |digital_clock|MINUTE:U3|COUT2[2]~3  ; |digital_clock|MINUTE:U3|COUT2[2]~3  ; combout          ;
; |digital_clock|HOUR:U4|LessThan0~0   ; |digital_clock|HOUR:U4|LessThan0~0   ; combout          ;
; |digital_clock|HOUR:U4|process_0~0   ; |digital_clock|HOUR:U4|process_0~0   ; combout          ;
; |digital_clock|HOUR:U4|process_0~1   ; |digital_clock|HOUR:U4|process_0~1   ; combout          ;
; |digital_clock|HOUR:U4|COUNT_GE~0    ; |digital_clock|HOUR:U4|COUNT_GE~0    ; combout          ;
; |digital_clock|HOUR:U4|Add0~0        ; |digital_clock|HOUR:U4|Add0~0        ; combout          ;
; |digital_clock|HOUR:U4|COUNT_GE~1    ; |digital_clock|HOUR:U4|COUNT_GE~1    ; combout          ;
; |digital_clock|HOUR:U4|COUNT_SHI~0   ; |digital_clock|HOUR:U4|COUNT_SHI~0   ; combout          ;
; |digital_clock|HOUR:U4|COUNT_GE~2    ; |digital_clock|HOUR:U4|COUNT_GE~2    ; combout          ;
; |digital_clock|HOUR:U4|COUNT_GE~3    ; |digital_clock|HOUR:U4|COUNT_GE~3    ; combout          ;
; |digital_clock|MINUTE:U3|CC          ; |digital_clock|MINUTE:U3|CC          ; q                ;
; |digital_clock|HOUR:U4|CLK           ; |digital_clock|HOUR:U4|CLK           ; combout          ;
; |digital_clock|MINUTE:U3|process_0~3 ; |digital_clock|MINUTE:U3|process_0~3 ; combout          ;
; |digital_clock|SB~input              ; |digital_clock|SB~input              ; o                ;
; |digital_clock|SB                    ; |digital_clock|SB                    ; padout           ;
; |digital_clock|SC~input              ; |digital_clock|SC~input              ; o                ;
; |digital_clock|SC                    ; |digital_clock|SC                    ; padout           ;
; |digital_clock|SA~input              ; |digital_clock|SA~input              ; o                ;
; |digital_clock|SA                    ; |digital_clock|SA                    ; padout           ;
; |digital_clock|HOUR:U4|CLK~clkctrl   ; |digital_clock|HOUR:U4|CLK~clkctrl   ; outclk           ;
; |digital_clock|SC~inputclkctrl       ; |digital_clock|SC~inputclkctrl       ; outclk           ;
+--------------------------------------+--------------------------------------+------------------+


+---------------------+
; Simulator INI Usage ;
+--------+------------+
; Option ; Usage      ;
+--------+------------+


+--------------------+
; Simulator Messages ;
+--------------------+
Info: *******************************************************************
Info: Running Quartus II Simulator
    Info: Version 9.1 Build 350 03/24/2010 Service Pack 2 SJ Web Edition
    Info: Processing started: Wed Jan 10 23:32:33 2024
Info: Command: quartus_sim --read_settings_files=on --write_settings_files=off digital_clock -c digital_clock
Info: Using vector source file "C:/Users/GanSer/Desktop/digital_clock/digital_clock.vwf"
Info: Option to preserve fewer signal transitions to reduce memory requirements is enabled
    Info: Simulation has been partitioned into sub-simulations according to the maximum transition count determined by the engine. Transitions from memory will be flushed out to disk at the end of each sub-simulation to reduce memory requirements.
Info: Simulation partitioned into 1 sub-simulations
Info: Simulation coverage is      70.18 %
Info: Number of transitions in simulation is 50119596
Info: Quartus II Simulator was successful. 0 errors, 0 warnings
    Info: Peak virtual memory: 163 megabytes
    Info: Processing ended: Wed Jan 10 23:37:03 2024
    Info: Elapsed time: 00:04:30
    Info: Total CPU time (on all processors): 00:04:39


